==> Fetching downloads for: sbh
✔︎ Formula sbh (0.4.8)
==> Installing sbh from dicklesworthstone/sbh
Warning: A newer Command Line Tools release is available.
Update them from Software Update in System Settings.

If that doesn't show you any updates, run:
  sudo rm -rf /Library/Developer/CommandLineTools
  sudo xcode-select --install

Alternatively, manually download them from:
  https://developer.apple.com/download/all/.
You should download the Command Line Tools for Xcode 26.3.



This is a Tier 2 configuration:
  https://docs.brew.sh/Support-Tiers#tier-2
You can report issues with Tier 2 configurations to Homebrew/* repositories!
Read the above document before opening any issues or PRs.

[34m==>[0m [1m/opt/homebrew/Cellar/sbh/0.4.8/bin/sbh setup --verify --bin-dir /opt/homebre[0m
==> Caveats
Finish interactive setup when you want shell PATH/completion changes:
  sbh setup --all --bin-dir /opt/homebrew/bin

Start the daemon with Homebrew services:
  brew services start sbh

On macOS, grant Full Disk Access to the installed sbh binary if scans need
to inspect protected user locations:
  /opt/homebrew/bin/sbh doctor --pal

To start dicklesworthstone/sbh/sbh now and restart at login:
  brew services start dicklesworthstone/sbh/sbh
Or, if you don't want/need a background service you can just run:
  /opt/homebrew/opt/sbh/bin/sbh daemon
==> Summary
🍺  /opt/homebrew/Cellar/sbh/0.4.8: 6 files, 3.6MB, built in 2 seconds
==> Running `brew cleanup sbh`...
Disable this behaviour by setting `HOMEBREW_NO_INSTALL_CLEANUP=1`.
Hide these hints with `HOMEBREW_NO_ENV_HINTS=1` (see `man brew`).
